2025-05-12 00:02:22,215 - ERROR - Database error: unable to open database file
2025-05-12 00:02:22,215 - INFO - No users due today.
2025-05-12 00:08:34,534 - ERROR - Database error: unable to open database file
2025-05-12 00:08:34,535 - INFO - No users due today.
2025-05-12 00:10:02,481 - ERROR - Database error: unable to open database file
2025-05-12 00:10:02,482 - INFO - No users due today.
2025-05-12 00:11:47,789 - ERROR - Database error: unable to open database file
2025-05-12 00:11:47,789 - INFO - No users due today.
2025-05-12 00:13:37,645 - ERROR - Database error: no such table: users
2025-05-12 00:13:37,647 - INFO - No users due today.
2025-05-12 00:14:09,706 - ERROR - Database error: no such table: paymentreminder_transactions
2025-05-12 00:14:09,707 - INFO - No users due today.
2025-05-12 00:14:23,518 - ERROR - Database error: no such column: name
2025-05-12 00:14:23,519 - INFO - No users due today.
2025-05-12 00:16:57,187 - ERROR - Database error: no such column: c.c__client_name
2025-05-12 00:16:57,188 - INFO - No users due today.
2025-05-12 00:17:10,541 - ERROR - Database error: no such column: c.client_id
2025-05-12 00:17:10,542 - INFO - No users due today.
2025-05-12 00:19:21,484 - INFO - -- BEGIN Twilio API Request --
2025-05-12 00:19:21,484 - INFO - POST Request: https://api.twilio.com/2010-04-01/Accounts/C233cc2f92c2a61c38908589dedfce8e2/Messages.json
2025-05-12 00:19:21,484 - INFO - Headers:
2025-05-12 00:19:21,484 - INFO - Content-Type : application/x-www-form-urlencoded
2025-05-12 00:19:21,484 - INFO - Accept : application/json
2025-05-12 00:19:21,484 - INFO - User-Agent : twilio-python/9.6.0 (Windows AMD64) Python/3.10.6
2025-05-12 00:19:21,485 - INFO - X-Twilio-Client : python-9.6.0
2025-05-12 00:19:21,485 - INFO - Accept-Charset : utf-8
2025-05-12 00:19:21,485 - INFO - -- END Twilio API Request --
2025-05-12 00:19:21,770 - INFO - Response Status Code: 401
2025-05-12 00:19:21,770 - INFO - Response Headers: {'Content-Type': 'application/json', 'Content-Length': '134', 'Connection': 'keep-alive', 'Date': 'Sun, 11 May 2025 18:49:24 GMT', 'X-API-Domain': 'api.twilio.com', 'X-Verification-Disclosure': 'Message Accepted. Pending content verification for US/Canada destination numbers:', 'Www-Authenticate': 'Basic realm="Twilio API"', 'Twilio-Request-Id': 'RQb5ee9f72b6471ba5828d159aba40fc46', 'X-Shenanigans': 'none', 'Access-Control-Allow-Origin': '*', 'Access-Control-Allow-Headers': 'Accept, Authorization, Content-Type, If-Match, If-Modified-Since, If-None-Match, If-Unmodified-Since, Idempotency-Key', 'Access-Control-Allow-Methods': 'GET, POST, DELETE, OPTIONS', 'Access-Control-Expose-Headers': 'ETag', 'Access-Control-Allow-Credentials': 'true', 'X-Powered-By': 'AT-5000', 'X-Home-Region': 'us1', 'X-Cache': 'Error from cloudfront', 'Via': '1.1 4774b00e2d656478bcba37c033ae541c.cloudfront.net (CloudFront)', 'X-Amz-Cf-Pop': 'MAA51-P3', 'X-Amz-Cf-Id': 'SgPx4n6h8LmPGiNz4ZLa4vtXvkgsllWqHQ8lw6YMyaXXfWT73Vy0yw=='}
2025-05-12 00:19:21,770 - ERROR - Twilio error: 
[31m[49mHTTP Error[0m [37m[49mYour request was:[0m

[36m[49mPOST /Accounts/C233cc2f92c2a61c38908589dedfce8e2/Messages.json[0m

[37m[49mTwilio returned the following information:[0m

[34m[49mUnable to create record: Authentication Error - invalid username[0m

[37m[49mMore information may be available here:[0m

[34m[49mhttps://www.twilio.com/docs/errors/20003[0m


2025-05-12 00:19:51,889 - INFO - -- BEGIN Twilio API Request --
2025-05-12 00:19:51,889 - INFO - POST Request: https://api.twilio.com/2010-04-01/Accounts/AC233cc2f92c2a61c38908589dedfce8e2/Messages.json
2025-05-12 00:19:51,889 - INFO - Headers:
2025-05-12 00:19:51,889 - INFO - Content-Type : application/x-www-form-urlencoded
2025-05-12 00:19:51,889 - INFO - Accept : application/json
2025-05-12 00:19:51,890 - INFO - User-Agent : twilio-python/9.6.0 (Windows AMD64) Python/3.10.6
2025-05-12 00:19:51,890 - INFO - X-Twilio-Client : python-9.6.0
2025-05-12 00:19:51,890 - INFO - Accept-Charset : utf-8
2025-05-12 00:19:51,890 - INFO - -- END Twilio API Request --
2025-05-12 00:19:52,651 - INFO - Response Status Code: 201
2025-05-12 00:19:52,651 - INFO - Response Headers: {'Content-Type': 'application/json;charset=utf-8', 'Content-Length': '1207', 'Connection': 'keep-alive', 'Date': 'Sun, 11 May 2025 18:49:55 GMT', 'X-Powered-By': 'AT-5000', 'Twilio-Concurrent-Requests': '1', 'Twilio-Request-Id': 'RQa3cc6405dc809f4cb79656c078044dd0', 'Twilio-Request-Duration': '0.108', 'X-Home-Region': 'us1', 'X-Api-Domain': 'api.twilio.com', 'Strict-Transport-Security': 'max-age=31536000', 'X-Shenanigans': 'none', 'X-Cache': 'Miss from cloudfront', 'Via': '1.1 5d22aa4437becf76450a9de89589fd00.cloudfront.net (CloudFront)', 'X-Amz-Cf-Pop': 'MAA51-P3', 'X-Amz-Cf-Id': 'E3Ak7jV7SO8TRMv5-lVv3509Nl5LoUEPjTeTdXjsitSIRH5C23q_5w==', 'Vary': 'Origin'}
2025-05-12 00:19:52,651 - INFO - Message sent. SID: SMa3cc6405dc809f4cb79656c078044dd0
2025-05-12 00:21:38,123 - INFO - -- BEGIN Twilio API Request --
2025-05-12 00:21:38,123 - INFO - POST Request: https://api.twilio.com/2010-04-01/Accounts/AC233cc2f92c2a61c38908589dedfce8e2/Messages.json
2025-05-12 00:21:38,123 - INFO - Headers:
2025-05-12 00:21:38,123 - INFO - Content-Type : application/x-www-form-urlencoded
2025-05-12 00:21:38,124 - INFO - Accept : application/json
2025-05-12 00:21:38,124 - INFO - User-Agent : twilio-python/9.6.0 (Windows AMD64) Python/3.10.6
2025-05-12 00:21:38,124 - INFO - X-Twilio-Client : python-9.6.0
2025-05-12 00:21:38,124 - INFO - Accept-Charset : utf-8
2025-05-12 00:21:38,124 - INFO - -- END Twilio API Request --
2025-05-12 00:21:38,831 - INFO - Response Status Code: 201
2025-05-12 00:21:38,831 - INFO - Response Headers: {'Content-Type': 'application/json;charset=utf-8', 'Content-Length': '1418', 'Connection': 'keep-alive', 'Date': 'Sun, 11 May 2025 18:51:41 GMT', 'X-Powered-By': 'AT-5000', 'Twilio-Concurrent-Requests': '1', 'Twilio-Request-Id': 'RQ033a20151bf2260b344b12ed1dcbe779', 'Twilio-Request-Duration': '0.100', 'X-Home-Region': 'us1', 'X-Api-Domain': 'api.twilio.com', 'Strict-Transport-Security': 'max-age=31536000', 'X-Shenanigans': 'none', 'X-Cache': 'Miss from cloudfront', 'Via': '1.1 96a703f12eef4505875ae34d4176594c.cloudfront.net (CloudFront)', 'X-Amz-Cf-Pop': 'MAA51-P3', 'X-Amz-Cf-Id': '86MovhrQnCC05BNI15wu2hGN-HxPNu2WK-YWU9iIOeQjpkyULgbHbg==', 'Vary': 'Origin'}
2025-05-12 00:21:38,832 - INFO - Message sent. SID: SM033a20151bf2260b344b12ed1dcbe779
2025-05-12 00:21:47,794 - INFO - -- BEGIN Twilio API Request --
2025-05-12 00:21:47,794 - INFO - POST Request: https://api.twilio.com/2010-04-01/Accounts/AC233cc2f92c2a61c38908589dedfce8e2/Messages.json
2025-05-12 00:21:47,794 - INFO - Headers:
2025-05-12 00:21:47,794 - INFO - Content-Type : application/x-www-form-urlencoded
2025-05-12 00:21:47,794 - INFO - Accept : application/json
2025-05-12 00:21:47,794 - INFO - User-Agent : twilio-python/9.6.0 (Windows AMD64) Python/3.10.6
2025-05-12 00:21:47,794 - INFO - X-Twilio-Client : python-9.6.0
2025-05-12 00:21:47,794 - INFO - Accept-Charset : utf-8
2025-05-12 00:21:47,794 - INFO - -- END Twilio API Request --
2025-05-12 00:21:48,159 - INFO - Response Status Code: 201
2025-05-12 00:21:48,159 - INFO - Response Headers: {'Content-Type': 'application/json;charset=utf-8', 'Content-Length': '1434', 'Connection': 'keep-alive', 'Date': 'Sun, 11 May 2025 18:51:51 GMT', 'X-Powered-By': 'AT-5000', 'Twilio-Concurrent-Requests': '1', 'Twilio-Request-Id': 'RQe8960c7d916afbdb58ed6907168683be', 'Twilio-Request-Duration': '0.095', 'X-Home-Region': 'us1', 'X-Api-Domain': 'api.twilio.com', 'Strict-Transport-Security': 'max-age=31536000', 'X-Shenanigans': 'none', 'X-Cache': 'Miss from cloudfront', 'Via': '1.1 beb33a719a87cc7f27a3c69c71141e5e.cloudfront.net (CloudFront)', 'X-Amz-Cf-Pop': 'MAA51-P3', 'X-Amz-Cf-Id': 'jZlDYjDPTOUSE00gQG0RodRm4Q735BgLHjUzyShRTKYG9EzSIE2Qhw==', 'Vary': 'Origin'}
2025-05-12 00:21:48,159 - INFO - Message sent. SID: SMe8960c7d916afbdb58ed6907168683be
2025-05-12 00:23:38,090 - INFO - -- BEGIN Twilio API Request --
2025-05-12 00:23:38,090 - INFO - POST Request: https://api.twilio.com/2010-04-01/Accounts/AC233cc2f92c2a61c38908589dedfce8e2/Messages.json
2025-05-12 00:23:38,090 - INFO - Headers:
2025-05-12 00:23:38,090 - INFO - Content-Type : application/x-www-form-urlencoded
2025-05-12 00:23:38,090 - INFO - Accept : application/json
2025-05-12 00:23:38,091 - INFO - User-Agent : twilio-python/9.6.0 (Windows AMD64) Python/3.10.6
2025-05-12 00:23:38,091 - INFO - X-Twilio-Client : python-9.6.0
2025-05-12 00:23:38,091 - INFO - Accept-Charset : utf-8
2025-05-12 00:23:38,091 - INFO - -- END Twilio API Request --
2025-05-12 00:23:38,452 - INFO - Response Status Code: 201
2025-05-12 00:23:38,453 - INFO - Response Headers: {'Content-Type': 'application/json;charset=utf-8', 'Content-Length': '1955', 'Connection': 'keep-alive', 'Date': 'Sun, 11 May 2025 18:53:41 GMT', 'X-Powered-By': 'AT-5000', 'Twilio-Concurrent-Requests': '1', 'Twilio-Request-Id': 'RQ4fc6d75fcac61448af0b6e5d68c680e8', 'Twilio-Request-Duration': '0.096', 'X-Home-Region': 'us1', 'X-Api-Domain': 'api.twilio.com', 'Strict-Transport-Security': 'max-age=31536000', 'X-Shenanigans': 'none', 'X-Cache': 'Miss from cloudfront', 'Via': '1.1 dd93e58995887f8fc614ed6eba0e575e.cloudfront.net (CloudFront)', 'X-Amz-Cf-Pop': 'MAA51-P3', 'X-Amz-Cf-Id': 'oeZckUissR0wZMISRloDYcBGJooAwERRIIeFhO_2lXtpisVUfcUKCA==', 'Vary': 'Origin'}
2025-05-12 00:23:38,453 - INFO - Message sent. SID: SM4fc6d75fcac61448af0b6e5d68c680e8
2025-05-12 00:30:03,917 - INFO - -- BEGIN Twilio API Request --
2025-05-12 00:30:03,917 - INFO - POST Request: https://api.twilio.com/2010-04-01/Accounts/AC233cc2f92c2a61c38908589dedfce8e2/Messages.json
2025-05-12 00:30:03,917 - INFO - Headers:
2025-05-12 00:30:03,917 - INFO - Content-Type : application/x-www-form-urlencoded
2025-05-12 00:30:03,917 - INFO - Accept : application/json
2025-05-12 00:30:03,917 - INFO - User-Agent : twilio-python/9.6.0 (Windows AMD64) Python/3.10.6
2025-05-12 00:30:03,918 - INFO - X-Twilio-Client : python-9.6.0
2025-05-12 00:30:03,918 - INFO - Accept-Charset : utf-8
2025-05-12 00:30:03,918 - INFO - -- END Twilio API Request --
2025-05-12 00:30:04,336 - INFO - Response Status Code: 201
2025-05-12 00:30:04,336 - INFO - Response Headers: {'Content-Type': 'application/json;charset=utf-8', 'Content-Length': '1739', 'Connection': 'keep-alive', 'Date': 'Sun, 11 May 2025 19:00:07 GMT', 'X-Powered-By': 'AT-5000', 'Twilio-Concurrent-Requests': '1', 'Twilio-Request-Id': 'RQdde1f65fb432c2d53100fb8ae0b86b63', 'Twilio-Request-Duration': '0.118', 'X-Home-Region': 'us1', 'X-Api-Domain': 'api.twilio.com', 'Strict-Transport-Security': 'max-age=31536000', 'X-Shenanigans': 'none', 'X-Cache': 'Miss from cloudfront', 'Via': '1.1 7466efd38e23df4aeaae0986f151c420.cloudfront.net (CloudFront)', 'X-Amz-Cf-Pop': 'MAA51-P3', 'X-Amz-Cf-Id': 'zQjodNtu-jhJwcwv8EhpoVgVfFtqfxWCThJNgtmK2u4ei-_N75uExg==', 'Vary': 'Origin'}
2025-05-12 00:30:04,336 - INFO - Message sent. SID: SMdde1f65fb432c2d53100fb8ae0b86b63
2025-05-12 00:31:08,383 - INFO - -- BEGIN Twilio API Request --
2025-05-12 00:31:08,383 - INFO - POST Request: https://api.twilio.com/2010-04-01/Accounts/AC233cc2f92c2a61c38908589dedfce8e2/Messages.json
2025-05-12 00:31:08,383 - INFO - Headers:
2025-05-12 00:31:08,383 - INFO - Content-Type : application/x-www-form-urlencoded
2025-05-12 00:31:08,383 - INFO - Accept : application/json
2025-05-12 00:31:08,384 - INFO - User-Agent : twilio-python/9.6.0 (Windows AMD64) Python/3.10.6
2025-05-12 00:31:08,384 - INFO - X-Twilio-Client : python-9.6.0
2025-05-12 00:31:08,384 - INFO - Accept-Charset : utf-8
2025-05-12 00:31:08,384 - INFO - -- END Twilio API Request --
2025-05-12 00:31:08,929 - INFO - Response Status Code: 201
2025-05-12 00:31:08,929 - INFO - Response Headers: {'Content-Type': 'application/json;charset=utf-8', 'Content-Length': '1739', 'Connection': 'keep-alive', 'Date': 'Sun, 11 May 2025 19:01:11 GMT', 'X-Powered-By': 'AT-5000', 'Twilio-Concurrent-Requests': '1', 'Twilio-Request-Id': 'RQ28ed9c03c36c46a2c17f6e2a368ea3c9', 'Twilio-Request-Duration': '0.099', 'X-Home-Region': 'us1', 'X-Api-Domain': 'api.twilio.com', 'Strict-Transport-Security': 'max-age=31536000', 'X-Shenanigans': 'none', 'X-Cache': 'Miss from cloudfront', 'Via': '1.1 45fb905d83f639530aa98885e1a3126a.cloudfront.net (CloudFront)', 'X-Amz-Cf-Pop': 'MAA51-P3', 'X-Amz-Cf-Id': 'LPdEaBHqZyJl4C-asWm8xbqmmr_mg3XPiJJC18GLZr3JyonE2t774g==', 'Vary': 'Origin'}
2025-05-12 00:31:08,930 - INFO - Message sent. SID: SM28ed9c03c36c46a2c17f6e2a368ea3c9
2025-05-12 00:31:46,526 - INFO - -- BEGIN Twilio API Request --
2025-05-12 00:31:46,526 - INFO - POST Request: https://api.twilio.com/2010-04-01/Accounts/AC233cc2f92c2a61c38908589dedfce8e2/Messages.json
2025-05-12 00:31:46,526 - INFO - Headers:
2025-05-12 00:31:46,526 - INFO - Content-Type : application/x-www-form-urlencoded
2025-05-12 00:31:46,527 - INFO - Accept : application/json
2025-05-12 00:31:46,527 - INFO - User-Agent : twilio-python/9.6.0 (Windows AMD64) Python/3.10.6
2025-05-12 00:31:46,527 - INFO - X-Twilio-Client : python-9.6.0
2025-05-12 00:31:46,527 - INFO - Accept-Charset : utf-8
2025-05-12 00:31:46,527 - INFO - -- END Twilio API Request --
2025-05-12 00:31:46,859 - INFO - Response Status Code: 201
2025-05-12 00:31:46,859 - INFO - Response Headers: {'Content-Type': 'application/json;charset=utf-8', 'Content-Length': '1507', 'Connection': 'keep-alive', 'Date': 'Sun, 11 May 2025 19:01:49 GMT', 'X-Powered-By': 'AT-5000', 'Twilio-Concurrent-Requests': '1', 'Twilio-Request-Id': 'RQ529a7b71f2d412ce2c374af0dfbf1390', 'Twilio-Request-Duration': '0.096', 'X-Home-Region': 'us1', 'X-Api-Domain': 'api.twilio.com', 'Strict-Transport-Security': 'max-age=31536000', 'X-Shenanigans': 'none', 'X-Cache': 'Miss from cloudfront', 'Via': '1.1 a3fb484d1976725d16c101a322c16b38.cloudfront.net (CloudFront)', 'X-Amz-Cf-Pop': 'MAA51-P3', 'X-Amz-Cf-Id': 'Disf5_j-_tiSVDpGX8aNHej0MYSc-6gYa6DsOo2XCarsVh45pZ-UPw==', 'Vary': 'Origin'}
2025-05-12 00:31:46,859 - INFO - Message sent. SID: SM529a7b71f2d412ce2c374af0dfbf1390
